[0.008s] Invoking command in '/home/ritz/solo_12/build/solo12_bringup': CMAKE_PREFIX_PATH=/opt/ros/humble CONDA_PROMPT_MODIFIER=(base) /usr/bin/cmake /home/ritz/solo_12/solo12_bringup -DCMAKE_INSTALL_PREFIX=/home/ritz/solo_12/install/solo12_bringup
[0.096s] -- The C compiler identification is GNU 11.4.0
[0.168s] -- The CXX compiler identification is GNU 11.4.0
[0.174s] -- Detecting C compiler ABI info
[0.235s] -- Detecting C compiler ABI info - done
[0.241s] -- Check for working C compiler: /usr/bin/cc - skipped
[0.242s] -- Detecting C compile features
[0.242s] -- Detecting C compile features - done
[0.244s] -- Detecting CXX compiler ABI info
[0.323s] -- Detecting CXX compiler ABI info - done
[0.328s] -- Check for working CXX compiler: /usr/bin/c++ - skipped
[0.328s] -- Detecting CXX compile features
[0.329s] -- Detecting CXX compile features - done
[0.331s] -- Found ament_cmake: 1.3.11 (/opt/ros/humble/share/ament_cmake/cmake)
[0.602s] -- Found Python3: /home/ritz/anaconda3/bin/python3 (found version "3.12.2") found components: Interpreter 
[0.674s] -- Found ament_lint_auto: 0.12.11 (/opt/ros/humble/share/ament_lint_auto/cmake)
[0.754s] -- Added test 'flake8' to check Python code syntax and style conventions
[0.754s] -- Added test 'lint_cmake' to check CMake code style
[0.754s] -- Added test 'pep257' to check Python code against some of the docstring style conventions in PEP 257
[0.755s] -- Added test 'xmllint' to check XML markup files
[0.756s] -- Configuring done
[0.757s] -- Generating done
[0.758s] -- Build files have been written to: /home/ritz/solo_12/build/solo12_bringup
[0.763s] Invoked command in '/home/ritz/solo_12/build/solo12_bringup' returned '0': CMAKE_PREFIX_PATH=/opt/ros/humble CONDA_PROMPT_MODIFIER=(base) /usr/bin/cmake /home/ritz/solo_12/solo12_bringup -DCMAKE_INSTALL_PREFIX=/home/ritz/solo_12/install/solo12_bringup
[0.764s] Invoking command in '/home/ritz/solo_12/build/solo12_bringup': CMAKE_PREFIX_PATH=/opt/ros/humble CONDA_PROMPT_MODIFIER=(base) /usr/bin/cmake --build /home/ritz/solo_12/build/solo12_bringup -- -j20 -l20
[0.797s] Invoked command in '/home/ritz/solo_12/build/solo12_bringup' returned '0': CMAKE_PREFIX_PATH=/opt/ros/humble CONDA_PROMPT_MODIFIER=(base) /usr/bin/cmake --build /home/ritz/solo_12/build/solo12_bringup -- -j20 -l20
[0.805s] Invoking command in '/home/ritz/solo_12/build/solo12_bringup': CMAKE_PREFIX_PATH=/opt/ros/humble CONDA_PROMPT_MODIFIER=(base) /usr/bin/cmake --install /home/ritz/solo_12/build/solo12_bringup
[0.812s] -- Install configuration: ""
[0.812s] -- Installing: /home/ritz/solo_12/install/solo12_bringup/share/solo12_bringup/launch
[0.812s] -- Installing: /home/ritz/solo_12/install/solo12_bringup/share/solo12_bringup/launch/controllers.launch.py
[0.813s] -- Installing: /home/ritz/solo_12/install/solo12_bringup/share/solo12_bringup/launch/test1.launch.py
[0.813s] -- Installing: /home/ritz/solo_12/install/solo12_bringup/share/solo12_bringup/launch/robot.launch.py
[0.814s] -- Installing: /home/ritz/solo_12/install/solo12_bringup/share/solo12_bringup/launch/solo12.launch.py
[0.814s] -- Installing: /home/ritz/solo_12/install/solo12_bringup/share/solo12_bringup/launch/sim_gazebo.launch.py
[0.814s] -- Installing: /home/ritz/solo_12/install/solo12_bringup/share/solo12_bringup/launch/state_publisher.launch.py
[0.814s] -- Installing: /home/ritz/solo_12/install/solo12_bringup/share/solo12_bringup/launch/start_rviz.launch.py
[0.814s] -- Installing: /home/ritz/solo_12/install/solo12_bringup/share/ament_index/resource_index/package_run_dependencies/solo12_bringup
[0.814s] -- Installing: /home/ritz/solo_12/install/solo12_bringup/share/ament_index/resource_index/parent_prefix_path/solo12_bringup
[0.814s] -- Installing: /home/ritz/solo_12/install/solo12_bringup/share/solo12_bringup/environment/ament_prefix_path.sh
[0.815s] -- Installing: /home/ritz/solo_12/install/solo12_bringup/share/solo12_bringup/environment/ament_prefix_path.dsv
[0.815s] -- Installing: /home/ritz/solo_12/install/solo12_bringup/share/solo12_bringup/environment/path.sh
[0.815s] -- Installing: /home/ritz/solo_12/install/solo12_bringup/share/solo12_bringup/environment/path.dsv
[0.815s] -- Installing: /home/ritz/solo_12/install/solo12_bringup/share/solo12_bringup/local_setup.bash
[0.815s] -- Installing: /home/ritz/solo_12/install/solo12_bringup/share/solo12_bringup/local_setup.sh
[0.815s] -- Installing: /home/ritz/solo_12/install/solo12_bringup/share/solo12_bringup/local_setup.zsh
[0.815s] -- Installing: /home/ritz/solo_12/install/solo12_bringup/share/solo12_bringup/local_setup.dsv
[0.815s] -- Installing: /home/ritz/solo_12/install/solo12_bringup/share/solo12_bringup/package.dsv
[0.816s] -- Installing: /home/ritz/solo_12/install/solo12_bringup/share/ament_index/resource_index/packages/solo12_bringup
[0.816s] -- Installing: /home/ritz/solo_12/install/solo12_bringup/share/solo12_bringup/cmake/solo12_bringupConfig.cmake
[0.816s] -- Installing: /home/ritz/solo_12/install/solo12_bringup/share/solo12_bringup/cmake/solo12_bringupConfig-version.cmake
[0.816s] -- Installing: /home/ritz/solo_12/install/solo12_bringup/share/solo12_bringup/package.xml
[0.817s] Invoked command in '/home/ritz/solo_12/build/solo12_bringup' returned '0': CMAKE_PREFIX_PATH=/opt/ros/humble CONDA_PROMPT_MODIFIER=(base) /usr/bin/cmake --install /home/ritz/solo_12/build/solo12_bringup
