-- The C compiler identification is GNU 11.4.0
-- The CXX compiler identification is GNU 11.4.0
-- Detecting C compiler ABI info
-- Detecting C compiler ABI info - done
-- Check for working C compiler: /usr/bin/cc - skipped
-- Detecting C compile features
-- Detecting C compile features - done
-- Detecting CXX compiler ABI info
-- Detecting CXX compiler ABI info - done
-- Check for working CXX compiler: /usr/bin/c++ - skipped
-- Detecting CXX compile features
-- Detecting CXX compile features - done
-- Found ament_cmake: 1.3.11 (/opt/ros/humble/share/ament_cmake/cmake)
-- Found Python3: /home/ritz/anaconda3/bin/python3 (found version "3.12.2") found components: Interpreter 
-- Found ament_lint_auto: 0.12.11 (/opt/ros/humble/share/ament_lint_auto/cmake)
-- Added test 'lint_cmake' to check CMake code style
-- Added test 'xmllint' to check XML markup files
-- Configuring done
-- Generating done
-- Build files have been written to: /home/ritz/solo_12/build/solo12_robot
-- Install configuration: ""
-- Installing: /home/ritz/solo_12/install/solo12_robot/share/ament_index/resource_index/package_run_dependencies/solo12_robot
-- Installing: /home/ritz/solo_12/install/solo12_robot/share/ament_index/resource_index/parent_prefix_path/solo12_robot
-- Installing: /home/ritz/solo_12/install/solo12_robot/share/solo12_robot/environment/ament_prefix_path.sh
-- Installing: /home/ritz/solo_12/install/solo12_robot/share/solo12_robot/environment/ament_prefix_path.dsv
-- Installing: /home/ritz/solo_12/install/solo12_robot/share/solo12_robot/environment/path.sh
-- Installing: /home/ritz/solo_12/install/solo12_robot/share/solo12_robot/environment/path.dsv
-- Installing: /home/ritz/solo_12/install/solo12_robot/share/solo12_robot/local_setup.bash
-- Installing: /home/ritz/solo_12/install/solo12_robot/share/solo12_robot/local_setup.sh
-- Installing: /home/ritz/solo_12/install/solo12_robot/share/solo12_robot/local_setup.zsh
-- Installing: /home/ritz/solo_12/install/solo12_robot/share/solo12_robot/local_setup.dsv
-- Installing: /home/ritz/solo_12/install/solo12_robot/share/solo12_robot/package.dsv
-- Installing: /home/ritz/solo_12/install/solo12_robot/share/ament_index/resource_index/packages/solo12_robot
-- Installing: /home/ritz/solo_12/install/solo12_robot/share/solo12_robot/cmake/solo12_robotConfig.cmake
-- Installing: /home/ritz/solo_12/install/solo12_robot/share/solo12_robot/cmake/solo12_robotConfig-version.cmake
-- Installing: /home/ritz/solo_12/install/solo12_robot/share/solo12_robot/package.xml
