[0.010s] Invoking command in '/home/ritz/solo_12/build/solo12_robot': AMENT_PREFIX_PATH=/home/ritz/solo_12/install/solo12_description:/home/ritz/solo_12/install/solo12_bringup:${AMENT_PREFIX_PATH} CMAKE_PREFIX_PATH=/home/ritz/solo_12/install/solo12_description:/home/ritz/solo_12/install/solo12_bringup:/opt/ros/humble CONDA_PROMPT_MODIFIER=(base) /usr/bin/cmake /home/ritz/solo_12/solo12_robot -DCMAKE_INSTALL_PREFIX=/home/ritz/solo_12/install/solo12_robot
[0.081s] -- The C compiler identification is GNU 11.4.0
[0.150s] -- The CXX compiler identification is GNU 11.4.0
[0.156s] -- Detecting C compiler ABI info
[0.233s] -- Detecting C compiler ABI info - done
[0.239s] -- Check for working C compiler: /usr/bin/cc - skipped
[0.239s] -- Detecting C compile features
[0.239s] -- Detecting C compile features - done
[0.241s] -- Detecting CXX compiler ABI info
[0.319s] -- Detecting CXX compiler ABI info - done
[0.324s] -- Check for working CXX compiler: /usr/bin/c++ - skipped
[0.324s] -- Detecting CXX compile features
[0.325s] -- Detecting CXX compile features - done
[0.326s] -- Found ament_cmake: 1.3.11 (/opt/ros/humble/share/ament_cmake/cmake)
[0.600s] -- Found Python3: /home/ritz/anaconda3/bin/python3 (found version "3.12.2") found components: Interpreter 
[0.672s] -- Found ament_lint_auto: 0.12.11 (/opt/ros/humble/share/ament_lint_auto/cmake)
[0.749s] -- Added test 'lint_cmake' to check CMake code style
[0.750s] -- Added test 'xmllint' to check XML markup files
[0.750s] -- Configuring done
[0.752s] -- Generating done
[0.753s] -- Build files have been written to: /home/ritz/solo_12/build/solo12_robot
[0.756s] Invoked command in '/home/ritz/solo_12/build/solo12_robot' returned '0': AMENT_PREFIX_PATH=/home/ritz/solo_12/install/solo12_description:/home/ritz/solo_12/install/solo12_bringup:${AMENT_PREFIX_PATH} CMAKE_PREFIX_PATH=/home/ritz/solo_12/install/solo12_description:/home/ritz/solo_12/install/solo12_bringup:/opt/ros/humble CONDA_PROMPT_MODIFIER=(base) /usr/bin/cmake /home/ritz/solo_12/solo12_robot -DCMAKE_INSTALL_PREFIX=/home/ritz/solo_12/install/solo12_robot
[0.756s] Invoking command in '/home/ritz/solo_12/build/solo12_robot': AMENT_PREFIX_PATH=/home/ritz/solo_12/install/solo12_description:/home/ritz/solo_12/install/solo12_bringup:${AMENT_PREFIX_PATH} CMAKE_PREFIX_PATH=/home/ritz/solo_12/install/solo12_description:/home/ritz/solo_12/install/solo12_bringup:/opt/ros/humble CONDA_PROMPT_MODIFIER=(base) /usr/bin/cmake --build /home/ritz/solo_12/build/solo12_robot -- -j20 -l20
[0.800s] Invoked command in '/home/ritz/solo_12/build/solo12_robot' returned '0': AMENT_PREFIX_PATH=/home/ritz/solo_12/install/solo12_description:/home/ritz/solo_12/install/solo12_bringup:${AMENT_PREFIX_PATH} CMAKE_PREFIX_PATH=/home/ritz/solo_12/install/solo12_description:/home/ritz/solo_12/install/solo12_bringup:/opt/ros/humble CONDA_PROMPT_MODIFIER=(base) /usr/bin/cmake --build /home/ritz/solo_12/build/solo12_robot -- -j20 -l20
[0.802s] Invoking command in '/home/ritz/solo_12/build/solo12_robot': AMENT_PREFIX_PATH=/home/ritz/solo_12/install/solo12_description:/home/ritz/solo_12/install/solo12_bringup:${AMENT_PREFIX_PATH} CMAKE_PREFIX_PATH=/home/ritz/solo_12/install/solo12_description:/home/ritz/solo_12/install/solo12_bringup:/opt/ros/humble CONDA_PROMPT_MODIFIER=(base) /usr/bin/cmake --install /home/ritz/solo_12/build/solo12_robot
[0.812s] -- Install configuration: ""
[0.812s] -- Installing: /home/ritz/solo_12/install/solo12_robot/share/ament_index/resource_index/package_run_dependencies/solo12_robot
[0.812s] -- Installing: /home/ritz/solo_12/install/solo12_robot/share/ament_index/resource_index/parent_prefix_path/solo12_robot
[0.812s] -- Installing: /home/ritz/solo_12/install/solo12_robot/share/solo12_robot/environment/ament_prefix_path.sh
[0.812s] -- Installing: /home/ritz/solo_12/install/solo12_robot/share/solo12_robot/environment/ament_prefix_path.dsv
[0.812s] -- Installing: /home/ritz/solo_12/install/solo12_robot/share/solo12_robot/environment/path.sh
[0.812s] -- Installing: /home/ritz/solo_12/install/solo12_robot/share/solo12_robot/environment/path.dsv
[0.812s] -- Installing: /home/ritz/solo_12/install/solo12_robot/share/solo12_robot/local_setup.bash
[0.812s] -- Installing: /home/ritz/solo_12/install/solo12_robot/share/solo12_robot/local_setup.sh
[0.812s] -- Installing: /home/ritz/solo_12/install/solo12_robot/share/solo12_robot/local_setup.zsh
[0.813s] -- Installing: /home/ritz/solo_12/install/solo12_robot/share/solo12_robot/local_setup.dsv
[0.813s] -- Installing: /home/ritz/solo_12/install/solo12_robot/share/solo12_robot/package.dsv
[0.813s] -- Installing: /home/ritz/solo_12/install/solo12_robot/share/ament_index/resource_index/packages/solo12_robot
[0.813s] -- Installing: /home/ritz/solo_12/install/solo12_robot/share/solo12_robot/cmake/solo12_robotConfig.cmake
[0.813s] -- Installing: /home/ritz/solo_12/install/solo12_robot/share/solo12_robot/cmake/solo12_robotConfig-version.cmake
[0.813s] -- Installing: /home/ritz/solo_12/install/solo12_robot/share/solo12_robot/package.xml
[0.815s] Invoked command in '/home/ritz/solo_12/build/solo12_robot' returned '0': AMENT_PREFIX_PATH=/home/ritz/solo_12/install/solo12_description:/home/ritz/solo_12/install/solo12_bringup:${AMENT_PREFIX_PATH} CMAKE_PREFIX_PATH=/home/ritz/solo_12/install/solo12_description:/home/ritz/solo_12/install/solo12_bringup:/opt/ros/humble CONDA_PROMPT_MODIFIER=(base) /usr/bin/cmake --install /home/ritz/solo_12/build/solo12_robot
