-- Install configuration: ""
-- Up-to-date: /home/ritz/solo_12/install/solo12_bringup/share/solo12_bringup/launch
-- Up-to-date: /home/ritz/solo_12/install/solo12_bringup/share/solo12_bringup/launch/controllers.launch.py
-- Up-to-date: /home/ritz/solo_12/install/solo12_bringup/share/solo12_bringup/launch/test1.launch.py
-- Up-to-date: /home/ritz/solo_12/install/solo12_bringup/share/solo12_bringup/launch/robot.launch.py
-- Installing: /home/ritz/solo_12/install/solo12_bringup/share/solo12_bringup/launch/solo12.launch.py
-- Up-to-date: /home/ritz/solo_12/install/solo12_bringup/share/solo12_bringup/launch/sim_gazebo.launch.py
-- Up-to-date: /home/ritz/solo_12/install/solo12_bringup/share/solo12_bringup/launch/state_publisher.launch.py
-- Up-to-date: /home/ritz/solo_12/install/solo12_bringup/share/solo12_bringup/launch/start_rviz.launch.py
-- Up-to-date: /home/ritz/solo_12/install/solo12_bringup/share/ament_index/resource_index/package_run_dependencies/solo12_bringup
-- Up-to-date: /home/ritz/solo_12/install/solo12_bringup/share/ament_index/resource_index/parent_prefix_path/solo12_bringup
-- Up-to-date: /home/ritz/solo_12/install/solo12_bringup/share/solo12_bringup/environment/ament_prefix_path.sh
-- Up-to-date: /home/ritz/solo_12/install/solo12_bringup/share/solo12_bringup/environment/ament_prefix_path.dsv
-- Up-to-date: /home/ritz/solo_12/install/solo12_bringup/share/solo12_bringup/environment/path.sh
-- Up-to-date: /home/ritz/solo_12/install/solo12_bringup/share/solo12_bringup/environment/path.dsv
-- Up-to-date: /home/ritz/solo_12/install/solo12_bringup/share/solo12_bringup/local_setup.bash
-- Up-to-date: /home/ritz/solo_12/install/solo12_bringup/share/solo12_bringup/local_setup.sh
-- Up-to-date: /home/ritz/solo_12/install/solo12_bringup/share/solo12_bringup/local_setup.zsh
-- Up-to-date: /home/ritz/solo_12/install/solo12_bringup/share/solo12_bringup/local_setup.dsv
-- Installing: /home/ritz/solo_12/install/solo12_bringup/share/solo12_bringup/package.dsv
-- Up-to-date: /home/ritz/solo_12/install/solo12_bringup/share/ament_index/resource_index/packages/solo12_bringup
-- Up-to-date: /home/ritz/solo_12/install/solo12_bringup/share/solo12_bringup/cmake/solo12_bringupConfig.cmake
-- Up-to-date: /home/ritz/solo_12/install/solo12_bringup/share/solo12_bringup/cmake/solo12_bringupConfig-version.cmake
-- Up-to-date: /home/ritz/solo_12/install/solo12_bringup/share/solo12_bringup/package.xml
