[0.007s] Invoking command in '/home/ritz/solo_12/build/solo12_bringup': CMAKE_PREFIX_PATH=/opt/ros/humble CONDA_PROMPT_MODIFIER=(base) /usr/bin/cmake --build /home/ritz/solo_12/build/solo12_bringup -- -j20 -l20
[0.034s] Invoked command in '/home/ritz/solo_12/build/solo12_bringup' returned '0': CMAKE_PREFIX_PATH=/opt/ros/humble CONDA_PROMPT_MODIFIER=(base) /usr/bin/cmake --build /home/ritz/solo_12/build/solo12_bringup -- -j20 -l20
[0.041s] Invoking command in '/home/ritz/solo_12/build/solo12_bringup': CMAKE_PREFIX_PATH=/opt/ros/humble CONDA_PROMPT_MODIFIER=(base) /usr/bin/cmake --install /home/ritz/solo_12/build/solo12_bringup
[0.049s] -- Install configuration: ""
[0.049s] -- Up-to-date: /home/ritz/solo_12/install/solo12_bringup/share/solo12_bringup/launch
[0.049s] -- Up-to-date: /home/ritz/solo_12/install/solo12_bringup/share/solo12_bringup/launch/controllers.launch.py
[0.049s] -- Up-to-date: /home/ritz/solo_12/install/solo12_bringup/share/solo12_bringup/launch/test1.launch.py
[0.049s] -- Up-to-date: /home/ritz/solo_12/install/solo12_bringup/share/solo12_bringup/launch/robot.launch.py
[0.050s] -- Up-to-date: /home/ritz/solo_12/install/solo12_bringup/share/solo12_bringup/launch/solo12.launch.py
[0.050s] -- Up-to-date: /home/ritz/solo_12/install/solo12_bringup/share/solo12_bringup/launch/sim_gazebo.launch.py
[0.050s] -- Up-to-date: /home/ritz/solo_12/install/solo12_bringup/share/solo12_bringup/launch/state_publisher.launch.py
[0.050s] -- Up-to-date: /home/ritz/solo_12/install/solo12_bringup/share/solo12_bringup/launch/start_rviz.launch.py
[0.050s] -- Up-to-date: /home/ritz/solo_12/install/solo12_bringup/share/ament_index/resource_index/package_run_dependencies/solo12_bringup
[0.050s] -- Up-to-date: /home/ritz/solo_12/install/solo12_bringup/share/ament_index/resource_index/parent_prefix_path/solo12_bringup
[0.050s] -- Up-to-date: /home/ritz/solo_12/install/solo12_bringup/share/solo12_bringup/environment/ament_prefix_path.sh
[0.050s] -- Up-to-date: /home/ritz/solo_12/install/solo12_bringup/share/solo12_bringup/environment/ament_prefix_path.dsv
[0.051s] -- Up-to-date: /home/ritz/solo_12/install/solo12_bringup/share/solo12_bringup/environment/path.sh
[0.051s] -- Up-to-date: /home/ritz/solo_12/install/solo12_bringup/share/solo12_bringup/environment/path.dsv
[0.051s] -- Up-to-date: /home/ritz/solo_12/install/solo12_bringup/share/solo12_bringup/local_setup.bash
[0.051s] -- Up-to-date: /home/ritz/solo_12/install/solo12_bringup/share/solo12_bringup/local_setup.sh
[0.051s] -- Up-to-date: /home/ritz/solo_12/install/solo12_bringup/share/solo12_bringup/local_setup.zsh
[0.051s] -- Up-to-date: /home/ritz/solo_12/install/solo12_bringup/share/solo12_bringup/local_setup.dsv
[0.051s] -- Installing: /home/ritz/solo_12/install/solo12_bringup/share/solo12_bringup/package.dsv
[0.052s] -- Up-to-date: /home/ritz/solo_12/install/solo12_bringup/share/ament_index/resource_index/packages/solo12_bringup
[0.052s] -- Up-to-date: /home/ritz/solo_12/install/solo12_bringup/share/solo12_bringup/cmake/solo12_bringupConfig.cmake
[0.052s] -- Up-to-date: /home/ritz/solo_12/install/solo12_bringup/share/solo12_bringup/cmake/solo12_bringupConfig-version.cmake
[0.053s] -- Up-to-date: /home/ritz/solo_12/install/solo12_bringup/share/solo12_bringup/package.xml
[0.053s] Invoked command in '/home/ritz/solo_12/build/solo12_bringup' returned '0': CMAKE_PREFIX_PATH=/opt/ros/humble CONDA_PROMPT_MODIFIER=(base) /usr/bin/cmake --install /home/ritz/solo_12/build/solo12_bringup
